<?xml version="1.0" encoding="UTF-8"?>
<!-- Generated by org.testng.reporters.JUnitReportReporter -->
<testsuite hostname="LAPTOP-2S13CC9O" failures="0" tests="5" name="com.mystore.testcases.TC_DD_SigninPageTest" time="87.811" errors="0" timestamp="2024-07-20T13:50:18 IST" skipped="0">
  <testcase classname="com.mystore.testcases.TC_DD_SigninPageTest" name="VerifySigninPage" time="13.880"/>
  <testcase classname="com.mystore.testcases.TC_DD_SigninPageTest" name="VerifySigninPage" time="16.305"/>
  <testcase classname="com.mystore.testcases.TC_DD_SigninPageTest" name="VerifySigninPage" time="15.871"/>
  <testcase classname="com.mystore.testcases.TC_DD_SigninPageTest" name="VerifySigninPage" time="19.962"/>
  <testcase classname="com.mystore.testcases.TC_DD_SigninPageTest" name="VerifySigninPage" time="21.793"/>
</testsuite> <!-- com.mystore.testcases.TC_DD_SigninPageTest -->
