<?xml version="1.0" encoding="UTF-8"?>
<!-- Generated by org.testng.reporters.JUnitReportReporter -->
<testsuite hostname="LAPTOP-2S13CC9O" failures="0" tests="2" name="com.mystore.testcases.TC_SignupPageTest" time="6.217" errors="0" timestamp="2024-07-18T20:14:19 IST" skipped="0">
  <testcase classname="com.mystore.testcases.TC_SignupPageTest" name="verifyNewAcc" time="0.073"/>
  <testcase classname="com.mystore.testcases.TC_SignupPageTest" name="verifysignupAccount" time="6.144"/>
</testsuite> <!-- com.mystore.testcases.TC_SignupPageTest -->
