<?xml version="1.0" encoding="UTF-8"?>
<!-- Generated by org.testng.reporters.JUnitReportReporter -->
<testsuite hostname="LAPTOP-2S13CC9O" failures="0" tests="28" name="com.mystore.testcases.TC_ProductPaymentPageTest" time="28.008" errors="0" timestamp="2024-07-20T13:50:18 IST" skipped="0">
  <testcase classname="com.mystore.testcases.TC_ProductPaymentPageTest" name="VerifyClickOrderNumber" time="1.977"/>
  <testcase classname="com.mystore.testcases.TC_ProductPaymentPageTest" name="VerifycheckUrl" time="2.019"/>
  <testcase classname="com.mystore.testcases.TC_ProductPaymentPageTest" name="VerifyUrltoSearchProduct" time="0.015"/>
  <testcase classname="com.mystore.testcases.TC_ProductPaymentPageTest" name="VerifyPrintOrder" time="0.273"/>
  <testcase classname="com.mystore.testcases.TC_ProductPaymentPageTest" name="VerifyDropdownLogout" time="0.122"/>
  <testcase classname="com.mystore.testcases.TC_ProductPaymentPageTest" name="VerifyClickNext" time="3.463"/>
  <testcase classname="com.mystore.testcases.TC_ProductPaymentPageTest" name="VerifyViewOrderId" time="0.023"/>
  <testcase classname="com.mystore.testcases.TC_ProductPaymentPageTest" name="VerifyShippingOrder" time="0.067"/>
  <testcase classname="com.mystore.testcases.TC_ProductPaymentPageTest" name="VerifyPlaceOrderButton" time="2.216"/>
  <testcase classname="com.mystore.testcases.TC_ProductPaymentPageTest" name="VerifylogoutButton" time="2.050"/>
  <testcase classname="com.mystore.testcases.TC_ProductPaymentPageTest" name="VerifyCloseDriver" time="0.053"/>
  <testcase classname="com.mystore.testcases.TC_ProductPaymentPageTest" name="VerifycheckoutSuccess" time="3.466"/>
  <testcase classname="com.mystore.testcases.TC_ProductPaymentPageTest" name="VerifyLogIn" time="1.146"/>
  <testcase classname="com.mystore.testcases.TC_ProductPaymentPageTest" name="VerifyLogInOpen" time="0.028"/>
  <testcase classname="com.mystore.testcases.TC_ProductPaymentPageTest" name="VerifySetEmail" time="0.174"/>
  <testcase classname="com.mystore.testcases.TC_ProductPaymentPageTest" name="VerifySetPwd" time="0.099"/>
  <testcase classname="com.mystore.testcases.TC_ProductPaymentPageTest" name="VerifyLogInSubmit" time="1.985"/>
  <testcase classname="com.mystore.testcases.TC_ProductPaymentPageTest" name="VerifySearchedEntry" time="1.958"/>
  <testcase classname="com.mystore.testcases.TC_ProductPaymentPageTest" name="VerifyRedirecttoProductItem" time="0.027"/>
  <testcase classname="com.mystore.testcases.TC_ProductPaymentPageTest" name="VerifyAssertProdEntryandPage" time="0.084"/>
  <testcase classname="com.mystore.testcases.TC_ProductPaymentPageTest" name="VerifyGetSearchedProd" time="0.665"/>
  <testcase classname="com.mystore.testcases.TC_ProductPaymentPageTest" name="VerifyProdSize" time="0.121"/>
  <testcase classname="com.mystore.testcases.TC_ProductPaymentPageTest" name="VerifyProdColor" time="0.109"/>
  <testcase classname="com.mystore.testcases.TC_ProductPaymentPageTest" name="VerifyaddtocartButton" time="0.114"/>
  <testcase classname="com.mystore.testcases.TC_ProductPaymentPageTest" name="VerifyProdAlertMsg" time="2.613"/>
  <testcase classname="com.mystore.testcases.TC_ProductPaymentPageTest" name="VerifyAddtoCartDropdown" time="0.130"/>
  <testcase classname="com.mystore.testcases.TC_ProductPaymentPageTest" name="VerifyProceedtoCheckout" time="2.981"/>
  <testcase classname="com.mystore.testcases.TC_ProductPaymentPageTest" name="VerifyCheckShippingUrl" time="0.030"/>
</testsuite> <!-- com.mystore.testcases.TC_ProductPaymentPageTest -->
