<?xml version="1.0" encoding="UTF-8"?>
<!-- Generated by org.testng.reporters.JUnitReportReporter -->
<testsuite hostname="LAPTOP-2S13CC9O" failures="0" tests="12" name="com.mystore.testcases.TC_SearchProductPageTest" time="7.660" errors="0" timestamp="2024-07-20T13:50:18 IST" skipped="0">
  <testcase classname="com.mystore.testcases.TC_SearchProductPageTest" name="VerifySearchProductFound" time="0.613"/>
  <testcase classname="com.mystore.testcases.TC_SearchProductPageTest" name="VerifyNavigatetoLogin" time="0.001"/>
  <testcase classname="com.mystore.testcases.TC_SearchProductPageTest" name="VerifyEmailLoggingIn" time="0.144"/>
  <testcase classname="com.mystore.testcases.TC_SearchProductPageTest" name="VerifyLogin" time="1.811"/>
  <testcase classname="com.mystore.testcases.TC_SearchProductPageTest" name="VerifyUrlOpen" time="0.014"/>
  <testcase classname="com.mystore.testcases.TC_SearchProductPageTest" name="VerifyAssertSearchEntry" time="0.066"/>
  <testcase classname="com.mystore.testcases.TC_SearchProductPageTest" name="VerifySearchedProductLink" time="0.023"/>
  <testcase classname="com.mystore.testcases.TC_SearchProductPageTest" name="VerifySearchEntry" time="2.060"/>
  <testcase classname="com.mystore.testcases.TC_SearchProductPageTest" name="VerifyRedirectSearch" time="0.030"/>
  <testcase classname="com.mystore.testcases.TC_SearchProductPageTest" name="VerifySignInButtonLoggingIn" time="2.789"/>
  <testcase classname="com.mystore.testcases.TC_SearchProductPageTest" name="VerifyLoginPageOpen" time="0.010"/>
  <testcase classname="com.mystore.testcases.TC_SearchProductPageTest" name="VerifyPwdLoggingIn" time="0.099"/>
</testsuite> <!-- com.mystore.testcases.TC_SearchProductPageTest -->
