<?xml version="1.0" encoding="UTF-8"?>
<!-- Generated by org.testng.reporters.JUnitReportReporter -->
<testsuite hostname="LAPTOP-2S13CC9O" failures="0" tests="1" name="com.mystore.testcases.TC_SigninPageTest" time="6.131" errors="0" timestamp="2024-07-20T13:50:18 IST" skipped="0">
  <testcase classname="com.mystore.testcases.TC_SigninPageTest" name="VerifySignIn" time="6.131"/>
</testsuite> <!-- com.mystore.testcases.TC_SigninPageTest -->
